  Sample.cpp
d:\opengl wokrspace\project6\sample.cpp(294): warning C4244: 'initializing': conversion from 'double' to 'float', possible loss of data
d:\opengl wokrspace\project6\sample.cpp(300): warning C4244: 'initializing': conversion from 'double' to 'float', possible loss of data
d:\opengl wokrspace\project6\sample.cpp(301): warning C4244: 'initializing': conversion from 'double' to 'float', possible loss of data
d:\opengl wokrspace\project6\sample.cpp(312): warning C4244: 'initializing': conversion from 'double' to 'float', possible loss of data
d:\opengl wokrspace\project6\sample.cpp(317): warning C4244: 'initializing': conversion from 'double' to 'float', possible loss of data
d:\opengl wokrspace\project6\sample.cpp(319): warning C4244: 'initializing': conversion from 'double' to 'float', possible loss of data
d:\opengl wokrspace\project6\sample.cpp(330): warning C4244: 'initializing': conversion from 'double' to 'float', possible loss of data
d:\opengl wokrspace\project6\sample.cpp(335): warning C4244: 'initializing': conversion from 'double' to 'float', possible loss of data
d:\opengl wokrspace\project6\sample.cpp(336): warning C4244: 'initializing': conversion from 'double' to 'float', possible loss of data
d:\opengl wokrspace\project6\sample.cpp(514): warning C4244: 'argument': conversion from 'double' to 'float', possible loss of data
d:\opengl wokrspace\project6\sample.cpp(515): warning C4244: 'argument': conversion from 'double' to 'float', possible loss of data
d:\opengl wokrspace\project6\sample.cpp(516): warning C4244: 'argument': conversion from 'double' to 'float', possible loss of data
d:\opengl wokrspace\project6\sample.cpp(517): warning C4244: 'argument': conversion from 'double' to 'float', possible loss of data
d:\opengl wokrspace\project6\sample.cpp(520): warning C4244: 'argument': conversion from 'int' to 'float', possible loss of data
d:\opengl wokrspace\project6\sample.cpp(521): warning C4244: 'argument': conversion from 'int' to 'float', possible loss of data
d:\opengl wokrspace\project6\sample.cpp(522): warning C4244: 'argument': conversion from 'int' to 'float', possible loss of data
d:\opengl wokrspace\project6\sample.cpp(523): warning C4244: 'argument': conversion from 'int' to 'float', possible loss of data
d:\opengl wokrspace\project6\sample.cpp(534): warning C4244: 'argument': conversion from 'double' to 'float', possible loss of data
d:\opengl wokrspace\project6\sample.cpp(535): warning C4244: 'argument': conversion from 'double' to 'float', possible loss of data
d:\opengl wokrspace\project6\sample.cpp(536): warning C4244: 'argument': conversion from 'double' to 'float', possible loss of data
d:\opengl wokrspace\project6\sample.cpp(537): warning C4244: 'argument': conversion from 'double' to 'float', possible loss of data
d:\opengl wokrspace\project6\sample.cpp(553): warning C4244: 'argument': conversion from 'int' to 'float', possible loss of data
d:\opengl wokrspace\project6\sample.cpp(554): warning C4244: 'argument': conversion from 'int' to 'float', possible loss of data
d:\opengl wokrspace\project6\sample.cpp(555): warning C4244: 'argument': conversion from 'int' to 'float', possible loss of data
d:\opengl wokrspace\project6\sample.cpp(556): warning C4244: 'argument': conversion from 'int' to 'float', possible loss of data
d:\opengl wokrspace\project6\sample.cpp(1232): warning C4244: 'initializing': conversion from 'double' to 'float', possible loss of data
  Sample.vcxproj -> D:\OpenGL wokrspace\project6\Debug\Sample.exe
  Sample.vcxproj -> D:\OpenGL wokrspace\project6\Debug\Sample.pdb (Full PDB)
