  sphere.cpp
d:\opengl wokrspace\project3\sample1 (1)\sample\sphere.cpp(27): error C3861: 'glNormal3f': identifier not found
d:\opengl wokrspace\project3\sample1 (1)\sample\sphere.cpp(28): error C3861: 'glTexCoord2f': identifier not found
d:\opengl wokrspace\project3\sample1 (1)\sample\sphere.cpp(29): error C3861: 'glVertex3f': identifier not found
d:\opengl wokrspace\project3\sample1 (1)\sample\sphere.cpp(59): error C2065: 'M_PI': undeclared identifier
d:\opengl wokrspace\project3\sample1 (1)\sample\sphere.cpp(60): error C3861: 'cos': identifier not found
d:\opengl wokrspace\project3\sample1 (1)\sample\sphere.cpp(61): error C3861: 'sin': identifier not found
d:\opengl wokrspace\project3\sample1 (1)\sample\sphere.cpp(64): error C2065: 'M_PI': undeclared identifier
d:\opengl wokrspace\project3\sample1 (1)\sample\sphere.cpp(65): error C3861: 'cos': identifier not found
d:\opengl wokrspace\project3\sample1 (1)\sample\sphere.cpp(66): error C3861: 'sin': identifier not found
d:\opengl wokrspace\project3\sample1 (1)\sample\sphere.cpp(76): error C2059: syntax error: '?'
d:\opengl wokrspace\project3\sample1 (1)\sample\sphere.cpp(81): error C2065: 'M_PI': undeclared identifier
d:\opengl wokrspace\project3\sample1 (1)\sample\sphere.cpp(82): error C2065: 'M_PI': undeclared identifier
d:\opengl wokrspace\project3\sample1 (1)\sample\sphere.cpp(98): error C2065: 'GL_QUADS': undeclared identifier
d:\opengl wokrspace\project3\sample1 (1)\sample\sphere.cpp(98): error C3861: 'glBegin': identifier not found
d:\opengl wokrspace\project3\sample1 (1)\sample\sphere.cpp(113): error C3861: 'glEnd': identifier not found
d:\opengl wokrspace\project3\sample1 (1)\sample\sphere.cpp(117): error C2065: 'GL_QUADS': undeclared identifier
d:\opengl wokrspace\project3\sample1 (1)\sample\sphere.cpp(117): error C3861: 'glBegin': identifier not found
d:\opengl wokrspace\project3\sample1 (1)\sample\sphere.cpp(132): error C3861: 'glEnd': identifier not found
d:\opengl wokrspace\project3\sample1 (1)\sample\sphere.cpp(137): error C2065: 'GL_QUADS': undeclared identifier
d:\opengl wokrspace\project3\sample1 (1)\sample\sphere.cpp(137): error C3861: 'glBegin': identifier not found
d:\opengl wokrspace\project3\sample1 (1)\sample\sphere.cpp(155): error C3861: 'glEnd': identifier not found
d:\opengl wokrspace\project3\sample1 (1)\sample\sphere.cpp(158): error C2065: 'NULL': undeclared identifier
  bmptotexture.cpp
d:\opengl wokrspace\project3\sample1 (1)\sample\bmptotexture.cpp(51): error C4996: 'fopen': This function or variable may be unsafe. Consider using fopen_s instead. To disable deprecation, use _CRT_SECURE_NO_WARNINGS. See online help for details.
  c:\program files (x86)\windows kits\10\include\10.0.10240.0\ucrt\stdio.h(205): note: see declaration of 'fopen'
  Sample.cpp
d:\opengl wokrspace\project3\sample1 (1)\sample\bmptotexture.cpp(51): error C4996: 'fopen': This function or variable may be unsafe. Consider using fopen_s instead. To disable deprecation, use _CRT_SECURE_NO_WARNINGS. See online help for details.
  c:\program files (x86)\windows kits\10\include\10.0.10240.0\ucrt\stdio.h(205): note: see declaration of 'fopen'
d:\opengl wokrspace\project3\sample1 (1)\sample\sphere.cpp(27): error C3861: 'glNormal3f': identifier not found
d:\opengl wokrspace\project3\sample1 (1)\sample\sphere.cpp(28): error C3861: 'glTexCoord2f': identifier not found
d:\opengl wokrspace\project3\sample1 (1)\sample\sphere.cpp(29): error C3861: 'glVertex3f': identifier not found
d:\opengl wokrspace\project3\sample1 (1)\sample\sphere.cpp(59): error C2065: 'M_PI': undeclared identifier
d:\opengl wokrspace\project3\sample1 (1)\sample\sphere.cpp(60): error C3861: 'cos': identifier not found
d:\opengl wokrspace\project3\sample1 (1)\sample\sphere.cpp(61): error C3861: 'sin': identifier not found
d:\opengl wokrspace\project3\sample1 (1)\sample\sphere.cpp(64): error C2065: 'M_PI': undeclared identifier
d:\opengl wokrspace\project3\sample1 (1)\sample\sphere.cpp(65): error C3861: 'cos': identifier not found
d:\opengl wokrspace\project3\sample1 (1)\sample\sphere.cpp(66): error C3861: 'sin': identifier not found
d:\opengl wokrspace\project3\sample1 (1)\sample\sphere.cpp(76): error C2059: syntax error: '?'
d:\opengl wokrspace\project3\sample1 (1)\sample\sphere.cpp(81): error C2065: 'M_PI': undeclared identifier
d:\opengl wokrspace\project3\sample1 (1)\sample\sphere.cpp(82): error C2065: 'M_PI': undeclared identifier
d:\opengl wokrspace\project3\sample1 (1)\sample\sphere.cpp(98): error C2065: 'GL_QUADS': undeclared identifier
d:\opengl wokrspace\project3\sample1 (1)\sample\sphere.cpp(98): error C3861: 'glBegin': identifier not found
d:\opengl wokrspace\project3\sample1 (1)\sample\sphere.cpp(113): error C3861: 'glEnd': identifier not found
d:\opengl wokrspace\project3\sample1 (1)\sample\sphere.cpp(117): error C2065: 'GL_QUADS': undeclared identifier
d:\opengl wokrspace\project3\sample1 (1)\sample\sphere.cpp(117): error C3861: 'glBegin': identifier not found
d:\opengl wokrspace\project3\sample1 (1)\sample\sphere.cpp(132): error C3861: 'glEnd': identifier not found
d:\opengl wokrspace\project3\sample1 (1)\sample\sphere.cpp(137): error C2065: 'GL_QUADS': undeclared identifier
d:\opengl wokrspace\project3\sample1 (1)\sample\sphere.cpp(137): error C3861: 'glBegin': identifier not found
d:\opengl wokrspace\project3\sample1 (1)\sample\sphere.cpp(155): error C3861: 'glEnd': identifier not found
c:\program files (x86)\windows kits\8.1\include\um\gl\gl.h(1157): error C2144: syntax error: 'void' should be preceded by ';'
c:\program files (x86)\windows kits\8.1\include\um\gl\gl.h(1157): error C4430: missing type specifier - int assumed. Note: C++ does not support default-int
c:\program files (x86)\windows kits\8.1\include\um\gl\gl.h(1157): error C2182: 'APIENTRY': illegal use of type 'void'
c:\program files (x86)\windows kits\8.1\include\um\gl\gl.h(1157): error C2146: syntax error: missing ';' before identifier 'glAccum'
c:\program files (x86)\windows kits\8.1\include\um\gl\gl.h(1158): error C2144: syntax error: 'void' should be preceded by ';'
c:\program files (x86)\windows kits\8.1\include\um\gl\gl.h(1158): error C4430: missing type specifier - int assumed. Note: C++ does not support default-int
c:\program files (x86)\windows kits\8.1\include\um\gl\gl.h(1158): error C2086: 'int WINGDIAPI': redefinition
  c:\program files (x86)\windows kits\8.1\include\um\gl\gl.h(1157): note: see declaration of 'WINGDIAPI'
c:\program files (x86)\windows kits\8.1\include\um\gl\gl.h(1158): error C2182: 'APIENTRY': illegal use of type 'void'
c:\program files (x86)\windows kits\8.1\include\um\gl\gl.h(1158): error C2086: 'int APIENTRY': redefinition
  c:\program files (x86)\windows kits\8.1\include\um\gl\gl.h(1157): note: see declaration of 'APIENTRY'
c:\program files (x86)\windows kits\8.1\include\um\gl\gl.h(1158): error C2146: syntax error: missing ';' before identifier 'glAlphaFunc'
c:\program files (x86)\windows kits\8.1\include\um\gl\gl.h(1159): error C4430: missing type specifier - int assumed. Note: C++ does not support default-int
c:\program files (x86)\windows kits\8.1\include\um\gl\gl.h(1159): error C2086: 'int WINGDIAPI': redefinition
  c:\program files (x86)\windows kits\8.1\include\um\gl\gl.h(1157): note: see declaration of 'WINGDIAPI'
c:\program files (x86)\windows kits\8.1\include\um\gl\gl.h(1159): error C2146: syntax error: missing ';' before identifier 'GLboolean'
c:\program files (x86)\windows kits\8.1\include\um\gl\gl.h(1160): error C2144: syntax error: 'void' should be preceded by ';'
c:\program files (x86)\windows kits\8.1\include\um\gl\gl.h(1160): error C4430: missing type specifier - int assumed. Note: C++ does not support default-int
c:\program files (x86)\windows kits\8.1\include\um\gl\gl.h(1160): error C2086: 'int WINGDIAPI': redefinition
  c:\program files (x86)\windows kits\8.1\include\um\gl\gl.h(1157): note: see declaration of 'WINGDIAPI'
c:\program files (x86)\windows kits\8.1\include\um\gl\gl.h(1160): error C2182: 'APIENTRY': illegal use of type 'void'
c:\program files (x86)\windows kits\8.1\include\um\gl\gl.h(1160): error C2086: 'int APIENTRY': redefinition
  c:\program files (x86)\windows kits\8.1\include\um\gl\gl.h(1157): note: see declaration of 'APIENTRY'
c:\program files (x86)\windows kits\8.1\include\um\gl\gl.h(1160): error C2146: syntax error: missing ';' before identifier 'glArrayElement'
c:\program files (x86)\windows kits\8.1\include\um\gl\gl.h(1161): error C2144: syntax error: 'void' should be preceded by ';'
c:\program files (x86)\windows kits\8.1\include\um\gl\gl.h(1161): error C4430: missing type specifier - int assumed. Note: C++ does not support default-int
c:\program files (x86)\windows kits\8.1\include\um\gl\gl.h(1161): error C2086: 'int WINGDIAPI': redefinition
  c:\program files (x86)\windows kits\8.1\include\um\gl\gl.h(1157): note: see declaration of 'WINGDIAPI'
c:\program files (x86)\windows kits\8.1\include\um\gl\gl.h(1161): error C2182: 'APIENTRY': illegal use of type 'void'
c:\program files (x86)\windows kits\8.1\include\um\gl\gl.h(1161): error C2086: 'int APIENTRY': redefinition
  c:\program files (x86)\windows kits\8.1\include\um\gl\gl.h(1157): note: see declaration of 'APIENTRY'
c:\program files (x86)\windows kits\8.1\include\um\gl\gl.h(1161): error C2146: syntax error: missing ';' before identifier 'glBegin'
c:\program files (x86)\windows kits\8.1\include\um\gl\gl.h(1162): error C2144: syntax error: 'void' should be preceded by ';'
c:\program files (x86)\windows kits\8.1\include\um\gl\gl.h(1162): error C4430: missing type specifier - int assumed. Note: C++ does not support default-int
c:\program files (x86)\windows kits\8.1\include\um\gl\gl.h(1162): error C2086: 'int WINGDIAPI': redefinition
  c:\program files (x86)\windows kits\8.1\include\um\gl\gl.h(1157): note: see declaration of 'WINGDIAPI'
c:\program files (x86)\windows kits\8.1\include\um\gl\gl.h(1162): error C2182: 'APIENTRY': illegal use of type 'void'
c:\program files (x86)\windows kits\8.1\include\um\gl\gl.h(1162): error C2086: 'int APIENTRY': redefinition
  c:\program files (x86)\windows kits\8.1\include\um\gl\gl.h(1157): note: see declaration of 'APIENTRY'
c:\program files (x86)\windows kits\8.1\include\um\gl\gl.h(1162): error C2146: syntax error: missing ';' before identifier 'glBindTexture'
c:\program files (x86)\windows kits\8.1\include\um\gl\gl.h(1163): error C2144: syntax error: 'void' should be preceded by ';'
c:\program files (x86)\windows kits\8.1\include\um\gl\gl.h(1163): error C4430: missing type specifier - int assumed. Note: C++ does not support default-int
c:\program files (x86)\windows kits\8.1\include\um\gl\gl.h(1163): error C2086: 'int WINGDIAPI': redefinition
  c:\program files (x86)\windows kits\8.1\include\um\gl\gl.h(1157): note: see declaration of 'WINGDIAPI'
c:\program files (x86)\windows kits\8.1\include\um\gl\gl.h(1163): error C2182: 'APIENTRY': illegal use of type 'void'
c:\program files (x86)\windows kits\8.1\include\um\gl\gl.h(1163): error C2086: 'int APIENTRY': redefinition
  c:\program files (x86)\windows kits\8.1\include\um\gl\gl.h(1157): note: see declaration of 'APIENTRY'
c:\program files (x86)\windows kits\8.1\include\um\gl\gl.h(1163): error C2146: syntax error: missing ';' before identifier 'glBitmap'
c:\program files (x86)\windows kits\8.1\include\um\gl\gl.h(1164): error C2144: syntax error: 'void' should be preceded by ';'
c:\program files (x86)\windows kits\8.1\include\um\gl\gl.h(1164): error C4430: missing type specifier - int assumed. Note: C++ does not support default-int
c:\program files (x86)\windows kits\8.1\include\um\gl\gl.h(1164): error C2086: 'int WINGDIAPI': redefinition
  c:\program files (x86)\windows kits\8.1\include\um\gl\gl.h(1157): note: see declaration of 'WINGDIAPI'
c:\program files (x86)\windows kits\8.1\include\um\gl\gl.h(1164): error C2182: 'APIENTRY': illegal use of type 'void'
c:\program files (x86)\windows kits\8.1\include\um\gl\gl.h(1164): error C2086: 'int APIENTRY': redefinition
  c:\program files (x86)\windows kits\8.1\include\um\gl\gl.h(1157): note: see declaration of 'APIENTRY'
c:\program files (x86)\windows kits\8.1\include\um\gl\gl.h(1164): error C2146: syntax error: missing ';' before identifier 'glBlendFunc'
c:\program files (x86)\windows kits\8.1\include\um\gl\gl.h(1165): error C2144: syntax error: 'void' should be preceded by ';'
c:\program files (x86)\windows kits\8.1\include\um\gl\gl.h(1165): error C4430: missing type specifier - int assumed. Note: C++ does not support default-int
c:\program files (x86)\windows kits\8.1\include\um\gl\gl.h(1165): error C2086: 'int WINGDIAPI': redefinition
  c:\program files (x86)\windows kits\8.1\include\um\gl\gl.h(1157): note: see declaration of 'WINGDIAPI'
c:\program files (x86)\windows kits\8.1\include\um\gl\gl.h(1165): error C2182: 'APIENTRY': illegal use of type 'void'
c:\program files (x86)\windows kits\8.1\include\um\gl\gl.h(1165): error C2086: 'int APIENTRY': redefinition
  c:\program files (x86)\windows kits\8.1\include\um\gl\gl.h(1157): note: see declaration of 'APIENTRY'
c:\program files (x86)\windows kits\8.1\include\um\gl\gl.h(1165): error C2146: syntax error: missing ';' before identifier 'glCallList'
c:\program files (x86)\windows kits\8.1\include\um\gl\gl.h(1166): error C2144: syntax error: 'void' should be preceded by ';'
c:\program files (x86)\windows kits\8.1\include\um\gl\gl.h(1166): error C4430: missing type specifier - int assumed. Note: C++ does not support default-int
c:\program files (x86)\windows kits\8.1\include\um\gl\gl.h(1166): error C2086: 'int WINGDIAPI': redefinition
  c:\program files (x86)\windows kits\8.1\include\um\gl\gl.h(1157): note: see declaration of 'WINGDIAPI'
c:\program files (x86)\windows kits\8.1\include\um\gl\gl.h(1166): error C2182: 'APIENTRY': illegal use of type 'void'
c:\program files (x86)\windows kits\8.1\include\um\gl\gl.h(1166): error C2086: 'int APIENTRY': redefinition
  c:\program files (x86)\windows kits\8.1\include\um\gl\gl.h(1157): note: see declaration of 'APIENTRY'
c:\program files (x86)\windows kits\8.1\include\um\gl\gl.h(1166): error C2146: syntax error: missing ';' before identifier 'glCallLists'
c:\program files (x86)\windows kits\8.1\include\um\gl\gl.h(1167): error C2144: syntax error: 'void' should be preceded by ';'
c:\program files (x86)\windows kits\8.1\include\um\gl\gl.h(1167): error C4430: missing type specifier - int assumed. Note: C++ does not support default-int
c:\program files (x86)\windows kits\8.1\include\um\gl\gl.h(1167): error C2086: 'int WINGDIAPI': redefinition
  c:\program files (x86)\windows kits\8.1\include\um\gl\gl.h(1157): note: see declaration of 'WINGDIAPI'
c:\program files (x86)\windows kits\8.1\include\um\gl\gl.h(1167): error C2182: 'APIENTRY': illegal use of type 'void'
c:\program files (x86)\windows kits\8.1\include\um\gl\gl.h(1167): error C2086: 'int APIENTRY': redefinition
  c:\program files (x86)\windows kits\8.1\include\um\gl\gl.h(1157): note: see declaration of 'APIENTRY'
c:\program files (x86)\windows kits\8.1\include\um\gl\gl.h(1167): error C2146: syntax error: missing ';' before identifier 'glClear'
c:\program files (x86)\windows kits\8.1\include\um\gl\gl.h(1168): error C2144: syntax error: 'void' should be preceded by ';'
c:\program files (x86)\windows kits\8.1\include\um\gl\gl.h(1168): error C4430: missing type specifier - int assumed. Note: C++ does not support default-int
c:\program files (x86)\windows kits\8.1\include\um\gl\gl.h(1168): error C2086: 'int WINGDIAPI': redefinition
  c:\program files (x86)\windows kits\8.1\include\um\gl\gl.h(1157): note: see declaration of 'WINGDIAPI'
c:\program files (x86)\windows kits\8.1\include\um\gl\gl.h(1168): error C2182: 'APIENTRY': illegal use of type 'void'
c:\program files (x86)\windows kits\8.1\include\um\gl\gl.h(1168): error C2086: 'int APIENTRY': redefinition
  c:\program files (x86)\windows kits\8.1\include\um\gl\gl.h(1157): note: see declaration of 'APIENTRY'
c:\program files (x86)\windows kits\8.1\include\um\gl\gl.h(1168): error C2146: syntax error: missing ';' before identifier 'glClearAccum'
c:\program files (x86)\windows kits\8.1\include\um\gl\gl.h(1169): error C2144: syntax error: 'void' should be preceded by ';'
c:\program files (x86)\windows kits\8.1\include\um\gl\gl.h(1169): error C4430: missing type specifier - int assumed. Note: C++ does not support default-int
c:\program files (x86)\windows kits\8.1\include\um\gl\gl.h(1169): error C2086: 'int WINGDIAPI': redefinition
  c:\program files (x86)\windows kits\8.1\include\um\gl\gl.h(1157): note: see declaration of 'WINGDIAPI'
c:\program files (x86)\windows kits\8.1\include\um\gl\gl.h(1169): error C2182: 'APIENTRY': illegal use of type 'void'
c:\program files (x86)\windows kits\8.1\include\um\gl\gl.h(1169): error C2086: 'int APIENTRY': redefinition
  c:\program files (x86)\windows kits\8.1\include\um\gl\gl.h(1157): note: see declaration of 'APIENTRY'
c:\program files (x86)\windows kits\8.1\include\um\gl\gl.h(1169): error C2146: syntax error: missing ';' before identifier 'glClearColor'
c:\program files (x86)\windows kits\8.1\include\um\gl\gl.h(1170): error C2144: syntax error: 'void' should be preceded by ';'
c:\program files (x86)\windows kits\8.1\include\um\gl\gl.h(1170): error C4430: missing type specifier - int assumed. Note: C++ does not support default-int
c:\program files (x86)\windows kits\8.1\include\um\gl\gl.h(1170): error C2086: 'int WINGDIAPI': redefinition
  c:\program files (x86)\windows kits\8.1\include\um\gl\gl.h(1157): note: see declaration of 'WINGDIAPI'
c:\program files (x86)\windows kits\8.1\include\um\gl\gl.h(1170): error C2182: 'APIENTRY': illegal use of type 'void'
c:\program files (x86)\windows kits\8.1\include\um\gl\gl.h(1170): error C2086: 'int APIENTRY': redefinition
  c:\program files (x86)\windows kits\8.1\include\um\gl\gl.h(1157): note: see declaration of 'APIENTRY'
c:\program files (x86)\windows kits\8.1\include\um\gl\gl.h(1170): error C2146: syntax error: missing ';' before identifier 'glClearDepth'
c:\program files (x86)\windows kits\8.1\include\um\gl\gl.h(1171): error C2144: syntax error: 'void' should be preceded by ';'
c:\program files (x86)\windows kits\8.1\include\um\gl\gl.h(1171): error C4430: missing type specifier - int assumed. Note: C++ does not support default-int
c:\program files (x86)\windows kits\8.1\include\um\gl\gl.h(1171): error C2086: 'int WINGDIAPI': redefinition
  c:\program files (x86)\windows kits\8.1\include\um\gl\gl.h(1157): note: see declaration of 'WINGDIAPI'
c:\program files (x86)\windows kits\8.1\include\um\gl\gl.h(1171): error C2182: 'APIENTRY': illegal use of type 'void'
c:\program files (x86)\windows kits\8.1\include\um\gl\gl.h(1171): error C2086: 'int APIENTRY': redefinition
  c:\program files (x86)\windows kits\8.1\include\um\gl\gl.h(1157): note: see declaration of 'APIENTRY'
c:\program files (x86)\windows kits\8.1\include\um\gl\gl.h(1171): error C2146: syntax error: missing ';' before identifier 'glClearIndex'
c:\program files (x86)\windows kits\8.1\include\um\gl\gl.h(1172): error C2144: syntax error: 'void' should be preceded by ';'
c:\program files (x86)\windows kits\8.1\include\um\gl\gl.h(1172): error C4430: missing type specifier - int assumed. Note: C++ does not support default-int
c:\program files (x86)\windows kits\8.1\include\um\gl\gl.h(1172): error C2086: 'int WINGDIAPI': redefinition
  c:\program files (x86)\windows kits\8.1\include\um\gl\gl.h(1157): note: see declaration of 'WINGDIAPI'
c:\program files (x86)\windows kits\8.1\include\um\gl\gl.h(1172): error C2182: 'APIENTRY': illegal use of type 'void'
c:\program files (x86)\windows kits\8.1\include\um\gl\gl.h(1172): error C2086: 'int APIENTRY': redefinition
  c:\program files (x86)\windows kits\8.1\include\um\gl\gl.h(1157): note: see declaration of 'APIENTRY'
c:\program files (x86)\windows kits\8.1\include\um\gl\gl.h(1172): error C2146: syntax error: missing ';' before identifier 'glClearStencil'
c:\program files (x86)\windows kits\8.1\include\um\gl\gl.h(1173): error C2144: syntax error: 'void' should be preceded by ';'
c:\program files (x86)\windows kits\8.1\include\um\gl\gl.h(1173): error C4430: missing type specifier - int assumed. Note: C++ does not support default-int
c:\program files (x86)\windows kits\8.1\include\um\gl\gl.h(1173): error C2086: 'int WINGDIAPI': redefinition
  c:\program files (x86)\windows kits\8.1\include\um\gl\gl.h(1157): note: see declaration of 'WINGDIAPI'
c:\program files (x86)\windows kits\8.1\include\um\gl\gl.h(1173): error C2182: 'APIENTRY': illegal use of type 'void'
c:\program files (x86)\windows kits\8.1\include\um\gl\gl.h(1173): error C2086: 'int APIENTRY': redefinition
  c:\program files (x86)\windows kits\8.1\include\um\gl\gl.h(1157): note: see declaration of 'APIENTRY'
c:\program files (x86)\windows kits\8.1\include\um\gl\gl.h(1173): error C2146: syntax error: missing ';' before identifier 'glClipPlane'
c:\program files (x86)\windows kits\8.1\include\um\gl\gl.h(1173): fatal error C1003: error count exceeds 100; stopping compilation
  Generating Code...
